<?xml version="1.0" encoding="UTF-8"?><testsuite errors="1" failures="0" name="Eliminación de proyecto en la pagina de TaskMaster Pro" skipped="0" tests="1" time="38.15" timestamp="2025-06-06 01:43:52"><testcase name="Eliminar un Proyecto Exitosamente"><error message="The following error occurred: java.net.ConnectException: Failed to connect to localhost/[0:0:0:0:0:0:0:1]:19826&#10;Build info: version: '3.141.59', revision: 'e82be7d358', time: '2018-11-14T08:17:03'&#10;System info: host: 'DESKTOP-9S50AII', ip: '192.168.80.17', os.name: 'Windows 10', os.arch: 'amd64', os.version: '10.0', java.version: '15.0.1'&#10;Driver info: driver.version: RemoteWebDriver" type="org.openqa.selenium.WebDriverException">The following error occurred: java.net.ConnectException: Failed to connect to localhost/[0:0:0:0:0:0:0:1]:19826
Build info: version: '3.141.59', revision: 'e82be7d358', time: '2018-11-14T08:17:03'
System info: host: 'DESKTOP-9S50AII', ip: '192.168.80.17', os.name: 'Windows 10', os.arch: 'amd64', os.version: '10.0', java.version: '15.0.1'
Driver info: driver.version: RemoteWebDriver</error><system-err>The following error occurred: java.net.ConnectException: Failed to connect to localhost/[0:0:0:0:0:0:0:1]:19826
Build info: version: '3.141.59', revision: 'e82be7d358', time: '2018-11-14T08:17:03'
System info: host: 'DESKTOP-9S50AII', ip: '192.168.80.17', os.name: 'Windows 10', os.arch: 'amd64', os.version: '10.0', java.version: '15.0.1'
Driver info: driver.version: RemoteWebDriver&#13;
co.com.AutomatizacionTaskMasterPro.tasks.EliminarProyecto.performAs(EliminarProyecto.java:25)&#13;
co.com.AutomatizacionTaskMasterPro.stepsDefinitions.EliminarProyectoTaskMasterStepsDefinitions.seleccioneUnProyectoDeLaListaYHaceClickEnElBotonDeEliminarYConfirmaLaEliminacionDelProyecto(EliminarProyectoTaskMasterStepsDefinitions.java:17)&#13;
cucumber.runner.Runner.runPickle(Runner.java:80)&#13;
worker.org.gradle.process.internal.worker.GradleWorkerMain.run(GradleWorkerMain.java:69)&#13;
worker.org.gradle.process.internal.worker.GradleWorkerMain.main(GradleWorkerMain.java:74)&#13;
</system-err></testcase></testsuite>