<?xml version="1.0" encoding="UTF-8"?><testsuite errors="1" failures="0" name="Asignacion de proyecto en la pagina de TaskMaster Pro" skipped="0" tests="1" time="11.18" timestamp="2025-06-17 11:04:43"><testcase name="Agregar Miembro Exitosamente"><error message="Arity mismatch: Step Definition 'co.com.AutomatizacionTaskMasterPro.stepsDefinitions.AsignarProyectoTaskMasterStepsDefinitions.haceClickEnElBotonAgregarEnElUsuarioQueDesee() in file:/C:/xampp/htdocs/TaskMasterPro/docs/trim05/02_Pruebas_Software/Automatizaci%c3%b3n_Pruebas/TaskMaster_Pro/build/classes/java/test/' with pattern [^hace click en el boton agregar en el usuario que desee$] is declared with 0 parameters. However, the gherkin step has 1 arguments [Table:[[Nikole   Bernal]]]. &#10;Step text: hace click en el boton agregar en el usuario que desee" type="cucumber.runtime.CucumberException">Arity mismatch: Step Definition 'co.com.AutomatizacionTaskMasterPro.stepsDefinitions.AsignarProyectoTaskMasterStepsDefinitions.haceClickEnElBotonAgregarEnElUsuarioQueDesee() in file:/C:/xampp/htdocs/TaskMasterPro/docs/trim05/02_Pruebas_Software/Automatizaci%c3%b3n_Pruebas/TaskMaster_Pro/build/classes/java/test/' with pattern [^hace click en el boton agregar en el usuario que desee$] is declared with 0 parameters. However, the gherkin step has 1 arguments [Table:[[Nikole   Bernal]]]. 
Step text: hace click en el boton agregar en el usuario que desee</error><system-err>Arity mismatch: Step Definition 'co.com.AutomatizacionTaskMasterPro.stepsDefinitions.AsignarProyectoTaskMasterStepsDefinitions.haceClickEnElBotonAgregarEnElUsuarioQueDesee() in file:/C:/xampp/htdocs/TaskMasterPro/docs/trim05/02_Pruebas_Software/Automatizaci%c3%b3n_Pruebas/TaskMaster_Pro/build/classes/java/test/' with pattern [^hace click en el boton agregar en el usuario que desee$] is declared with 0 parameters. However, the gherkin step has 1 arguments [Table:[[Nikole   Bernal]]]. 
Step text: hace click en el boton agregar en el usuario que desee&#13;
cucumber.runner.Runner.runPickle(Runner.java:80)&#13;
worker.org.gradle.process.internal.worker.GradleWorkerMain.run(GradleWorkerMain.java:69)&#13;
worker.org.gradle.process.internal.worker.GradleWorkerMain.main(GradleWorkerMain.java:74)&#13;
</system-err></testcase></testsuite>