<?xml version="1.0" encoding="UTF-8"?><testsuite errors="0" failures="1" name="Busqueda de proyecto en la pagina de TaskMaster Pro" skipped="0" tests="1" time="9.74" timestamp="2025-06-04 07:19:31"><testcase name="Filtrar un Proyecto Exitosamente"><failure message="Expected validacion filtrar proyecto&#13;&#10;Expected: is &lt;true&gt;&#13;&#10;     but: was &lt;false&gt;" type="java.lang.AssertionError">Expected validacion filtrar proyecto&#13;
Expected: is &lt;true&gt;&#13;
     but: was &lt;false&gt;</failure><system-err>Expected validacion filtrar proyecto&#13;
Expected: is &lt;true&gt;&#13;
     but: was &lt;false&gt;&#13;
co.com.AutomatizacionTaskMasterPro.stepsDefinitions.FiltrarProyectoTaskMasterStepsDefinitions.elSistemaAbreLaInterfazDeEseProyecto(FiltrarProyectoTaskMasterStepsDefinitions.java:23)&#13;
✽.el sistema abre la interfaz de ese proyecto(src/test/resources/features/filtrarProyecto_taskmasterPro.feature:20)&#13;
</system-err></testcase></testsuite>