<?xml version="1.0" encoding="UTF-8"?><testsuite errors="0" failures="1" name="Eliminación de proyecto en la pagina de TaskMaster Pro" skipped="0" tests="1" time="25.7" timestamp="2025-06-04 01:08:46"><testcase name="Eliminar un Proyecto Exitosamente"><failure message="Expected enabled element was not enabled" type="net.thucydides.core.webdriver.exceptions.ElementShouldBeEnabledException">Expected enabled element was not enabled</failure><system-err>Expected enabled element was not enabled&#13;
co.com.AutomatizacionTaskMasterPro.tasks.EliminarProyecto.performAs(EliminarProyecto.java:25)&#13;
co.com.AutomatizacionTaskMasterPro.stepsDefinitions.EliminarProyectoTaskMasterStepsDefinitions.seleccioneUnProyectoDeLaListaYHaceClickEnElBotonDeEliminarYConfirmaLaEliminacionDelProyecto(EliminarProyectoTaskMasterStepsDefinitions.java:17)&#13;
cucumber.runner.Runner.runPickle(Runner.java:80)&#13;
worker.org.gradle.process.internal.worker.GradleWorkerMain.run(GradleWorkerMain.java:69)&#13;
worker.org.gradle.process.internal.worker.GradleWorkerMain.main(GradleWorkerMain.java:74)&#13;
</system-err></testcase></testsuite>